<?xml version="1.0" encoding="UTF-8"?>
<testsuite xmlns:xsi="http://www.w3.org/2001/XMLSchema-instance" xsi:noNamespaceSchemaLocation="https://maven.apache.org/surefire/maven-surefire-plugin/xsd/surefire-test-report-3.0.xsd" version="3.0" name="com.mycompany.poepart1and2.TaskManagerTest" time="0.084" tests="1" errors="1" skipped="0" failures="0">
  <properties>
[...]
</properties>
  <testcase name="initializationError" classname="com.mycompany.poepart1and2.TaskManagerTest" time="0.008">
    <error message="Invalid test class &apos;com.mycompany.poepart1and2.TaskManagerTest&apos;:&#10;  1. Method setUp() should be public&#10;  2. Method testDeleteTaskByName() should be public&#10;  3. Method testAddTask() should be public&#10;  4. Method testDisplayLongestTask() should be public&#10;  5. Method testCheckDescriptionValid() should be public&#10;  6. Method testDisplayReport() should be public&#10;  7. Method testDisplayTasksWithStatus() should be public&#10;  8. Method testCheckDescriptionInvalid() should be public&#10;  9. Method testGetTotalHours() should be public&#10;  10. Method testGenerateTaskID() should be public&#10;  11. Method testSearchTaskByName() should be public" type="org.junit.runners.model.InvalidTestClassError"><![CDATA[org.junit.runners.model.InvalidTestClassError: 
Invalid test class 'com.mycompany.poepart1and2.TaskManagerTest':
  1. Method setUp() should be public
  2. Method testDeleteTaskByName() should be public
  3. Method testAddTask() should be public
  4. Method testDisplayLongestTask() should be public
  5. Method testCheckDescriptionValid() should be public
  6. Method testDisplayReport() should be public
  7. Method testDisplayTasksWithStatus() should be public
  8. Method testCheckDescriptionInvalid() should be public
  9. Method testGetTotalHours() should be public
  10. Method testGenerateTaskID() should be public
  11. Method testSearchTaskByName() should be public
	at org.junit.runners.ParentRunner.validate(ParentRunner.java:525)
	at org.junit.runners.ParentRunner.<init>(ParentRunner.java:102)
	at org.junit.runners.BlockJUnit4ClassRunner.<init>(BlockJUnit4ClassRunner.java:84)
	at org.junit.runners.JUnit4.<init>(JUnit4.java:23)
	at org.junit.internal.builders.JUnit4Builder.runnerForClass(JUnit4Builder.java:10)
	at org.junit.runners.model.RunnerBuilder.safeRunnerForClass(RunnerBuilder.java:70)
	at org.junit.internal.builders.AllDefaultPossibilitiesBuilder.runnerForClass(AllDefaultPossibilitiesBuilder.java:37)
	at org.junit.runners.model.RunnerBuilder.safeRunnerForClass(RunnerBuilder.java:70)
	at org.junit.internal.requests.ClassRequest.createRunner(ClassRequest.java:28)
	at org.junit.internal.requests.MemoizingRequest.getRunner(MemoizingRequest.java:19)
	at org.junit.internal.requests.FilterRequest.getRunner(FilterRequest.java:36)
	at org.apache.maven.surefire.junit4.JUnit4Provider.execute(JUnit4Provider.java:314)
	at org.apache.maven.surefire.junit4.JUnit4Provider.executeWithRerun(JUnit4Provider.java:240)
	at org.apache.maven.surefire.junit4.JUnit4Provider.executeTestSet(JUnit4Provider.java:214)
	at org.apache.maven.surefire.junit4.JUnit4Provider.invoke(JUnit4Provider.java:155)
	at org.apache.maven.surefire.booter.ForkedBooter.runSuitesInProcess(ForkedBooter.java:385)
	at org.apache.maven.surefire.booter.ForkedBooter.execute(ForkedBooter.java:162)
	at org.apache.maven.surefire.booter.ForkedBooter.run(ForkedBooter.java:507)
	at org.apache.maven.surefire.booter.ForkedBooter.main(ForkedBooter.java:495)
]]></error>
  </testcase>
</testsuite>